02/03/2022 04:10:29 PM INFO: Hanabi server started on 127.0.0.1:1024
02/03/2022 04:10:56 PM INFO: Connected by: ('127.0.0.1', 54720)
02/03/2022 04:10:56 PM INFO: Player connected: p2
02/03/2022 04:10:58 PM INFO: Connected by: ('127.0.0.1', 54721)
02/03/2022 04:10:58 PM INFO: Player connected: p1
02/03/2022 04:12:48 PM WARNING: Player disconnected: p2
02/03/2022 04:12:50 PM WARNING: Player disconnected: p1
02/03/2022 04:12:50 PM INFO: Shutting down server
02/03/2022 04:13:06 PM INFO: Hanabi server started on 127.0.0.1:1024
02/03/2022 04:13:13 PM INFO: Connected by: ('127.0.0.1', 54742)
02/03/2022 04:13:13 PM INFO: Player connected: p2
02/03/2022 04:13:15 PM INFO: Connected by: ('127.0.0.1', 54743)
02/03/2022 04:13:15 PM INFO: Player connected: p1
02/03/2022 04:13:35 PM INFO: Player ready: p2
02/03/2022 04:13:36 PM INFO: Player ready: p1
02/03/2022 04:13:36 PM INFO: Game start! Between: ['p2', 'p1']
02/03/2022 04:13:36 PM INFO: Ok, let's start the game!
02/03/2022 04:13:36 PM INFO: Showing hand to: p2
02/03/2022 04:13:36 PM INFO: Player p2 providing hint to p1: cards with color white are in positions: [1, 2, 4]
02/03/2022 04:14:00 PM INFO: Showing hand to: p1
02/03/2022 04:14:15 PM INFO: Player p1 providing hint to p2: cards with color blue are in positions: [0, 1]
02/03/2022 04:14:27 PM INFO: Showing hand to: p2
02/03/2022 04:14:27 PM INFO: Player p2 providing hint to p1: cards with value 1 are in positions: [3, 4]
02/03/2022 04:14:37 PM INFO: p1: card played and correctly put on the table
02/03/2022 04:14:37 PM INFO: Showing hand to: p2
02/03/2022 04:14:37 PM INFO: Player p2 providing hint to p1: cards with value 1 are in positions: [3, 4]
02/03/2022 04:15:02 PM INFO: Showing hand to: p1
02/03/2022 04:15:20 PM INFO: p1: card played and correctly put on the table
02/03/2022 04:15:20 PM INFO: Showing hand to: p2
02/03/2022 04:15:20 PM INFO: Player p2 providing hint to p1: cards with color green are in positions: [0, 4]
02/03/2022 04:15:41 PM INFO: Showing hand to: p1
02/03/2022 04:15:52 PM INFO: Player p1 providing hint to p2: cards with color green are in positions: [2, 3]
02/03/2022 04:16:05 PM INFO: Showing hand to: p2
02/03/2022 04:16:05 PM INFO: Player p2 providing hint to p1: cards with value 3 are in positions: [2]
02/03/2022 04:16:13 PM INFO: Showing hand to: p1
02/03/2022 04:16:18 PM INFO: Player p1 providing hint to p2: cards with value 4 are in positions: [1, 2, 4]
02/03/2022 04:16:45 PM INFO: Showing hand to: p2
02/03/2022 04:16:56 PM INFO: Player: p2: card 23 discarded successfully
02/03/2022 04:17:23 PM INFO: Showing hand to: p1
02/03/2022 04:17:34 PM INFO: p1: card played and correctly put on the table
02/03/2022 04:17:34 PM INFO: Showing hand to: p2
02/03/2022 04:17:34 PM INFO: Player p2 providing hint to p1: cards with value 1 are in positions: [3, 4]
02/03/2022 04:17:37 PM INFO: Showing hand to: p1
02/03/2022 04:18:17 PM INFO: Player: p1: card 2 discarded successfully
02/03/2022 04:18:17 PM INFO: Showing hand to: p2
02/03/2022 04:18:17 PM INFO: Player p2 providing hint to p1: cards with value 4 are in positions: [0, 1]
02/03/2022 04:18:18 PM INFO: Showing hand to: p1
02/03/2022 04:18:38 PM INFO: Showing hand to: p1
02/03/2022 04:18:46 PM INFO: Player: p1: card 37 discarded successfully
02/03/2022 04:18:46 PM INFO: Showing hand to: p2
02/03/2022 04:18:46 PM INFO: Player p2 providing hint to p1: cards with color yellow are in positions: [2]
02/03/2022 04:19:09 PM INFO: p1: card played and correctly put on the table
02/03/2022 04:19:09 PM INFO: Showing hand to: p2
02/03/2022 04:19:11 PM INFO: Showing hand to: p1
02/03/2022 04:19:35 PM INFO: Player: p2: card 38 discarded successfully
02/03/2022 04:19:53 PM INFO: Showing hand to: p1
02/03/2022 04:20:02 PM INFO: Player p1 providing hint to p2: cards with color yellow are in positions: [2, 3, 4]
02/03/2022 04:20:31 PM INFO: Showing hand to: p2
02/03/2022 04:20:46 PM INFO: Player: p2: card 42 discarded successfully
02/03/2022 04:21:22 PM INFO: Showing hand to: p1
02/03/2022 04:21:29 PM INFO: Player p1 providing hint to p2: cards with value 4 are in positions: [1, 3]
02/03/2022 04:21:44 PM INFO: Showing hand to: p2
02/03/2022 04:21:54 PM INFO: Player: p2: card 41 discarded successfully
02/03/2022 04:35:19 PM INFO: Showing hand to: p1
02/03/2022 04:35:53 PM INFO: Showing hand to: p1
02/03/2022 04:36:05 PM INFO: Player: p1: card 9 discarded successfully
02/03/2022 04:36:05 PM INFO: Showing hand to: p2
02/03/2022 04:36:05 PM INFO: Player p2 providing hint to p1: cards with value 2 are in positions: [3]
02/03/2022 04:36:13 PM INFO: Showing hand to: p1
02/03/2022 04:43:02 PM INFO: Showing hand to: p1
02/03/2022 04:43:15 PM INFO: p1: card played and correctly put on the table
02/03/2022 04:43:15 PM INFO: Showing hand to: p2
02/03/2022 04:43:15 PM INFO: Player p2 providing hint to p1: cards with color red are in positions: [3, 4]
02/03/2022 04:43:16 PM INFO: Showing hand to: p1
02/03/2022 04:43:49 PM INFO: Player: p1: card 8 discarded successfully
02/03/2022 04:43:49 PM INFO: Showing hand to: p2
02/03/2022 04:43:49 PM INFO: Player p2 providing hint to p1: cards with value 2 are in positions: [3]
02/03/2022 04:44:00 PM INFO: Showing hand to: p1
02/03/2022 04:44:20 PM INFO: Player: p1: card 12 discarded successfully
02/03/2022 04:44:20 PM INFO: Showing hand to: p2
02/03/2022 04:44:20 PM INFO: Player p2 providing hint to p1: cards with value 3 are in positions: [1, 4]
02/03/2022 04:44:32 PM INFO: Showing hand to: p1
02/03/2022 04:44:43 PM INFO: Player: p1: card 27 discarded successfully
02/03/2022 04:44:43 PM INFO: Showing hand to: p2
02/03/2022 04:44:43 PM INFO: Player p2 providing hint to p1: cards with value 2 are in positions: [3, 4]
02/03/2022 04:45:24 PM INFO: Player: p1: card 35 discarded successfully
02/03/2022 04:45:24 PM INFO: Showing hand to: p2
02/03/2022 04:45:24 PM INFO: Player p2 providing hint to p1: cards with value 2 are in positions: [2, 3, 4]
02/03/2022 04:45:28 PM INFO: Showing hand to: p1
02/03/2022 04:45:53 PM INFO: Player: p1: card 15 discarded successfully
02/03/2022 04:45:53 PM INFO: Showing hand to: p2
02/03/2022 04:45:53 PM INFO: Player p2 providing hint to p1: cards with value 3 are in positions: [1, 4]
02/03/2022 04:46:03 PM INFO: Showing hand to: p1
02/03/2022 04:46:21 PM INFO: Showing hand to: p1
02/03/2022 04:46:35 PM INFO: Player: p1: card 18 discarded successfully
02/03/2022 04:46:35 PM INFO: Showing hand to: p2
02/03/2022 04:46:35 PM INFO: Player p2 providing hint to p1: cards with color red are in positions: [2, 3, 4]
02/03/2022 04:46:37 PM INFO: Showing hand to: p1
02/03/2022 04:47:06 PM INFO: Showing hand to: p1
02/03/2022 04:47:13 PM INFO: Player: p1: card 25 discarded successfully
02/03/2022 04:47:13 PM INFO: Showing hand to: p2
02/03/2022 04:47:13 PM INFO: Player p2 providing hint to p1: cards with color red are in positions: [2, 3, 4]
02/03/2022 04:47:21 PM INFO: Showing hand to: p1
02/03/2022 04:47:54 PM INFO: Showing hand to: p2
02/03/2022 04:47:56 PM INFO: Showing hand to: p1
02/03/2022 04:48:15 PM INFO: Player: p2: card 47 discarded successfully
02/03/2022 04:48:29 PM INFO: Showing hand to: p1
02/03/2022 04:48:41 PM INFO: Player p1 providing hint to p2: cards with value 1 are in positions: [2]
02/03/2022 04:50:04 PM INFO: Showing hand to: p2
02/03/2022 04:50:06 PM INFO: Player: p2: card 26 discarded successfully
02/03/2022 04:50:46 PM INFO: Showing hand to: p1
02/03/2022 04:50:54 PM INFO: Player p1 providing hint to p2: cards with color white are in positions: [1, 4]
02/03/2022 04:51:12 PM INFO: Showing hand to: p2
02/03/2022 04:51:14 PM INFO: Player: p2: card 14 discarded successfully
02/03/2022 04:51:53 PM INFO: Showing hand to: p1
02/03/2022 04:52:18 PM INFO: p1: card played and correctly put on the table
02/03/2022 04:52:18 PM INFO: Showing hand to: p2
02/03/2022 04:52:18 PM INFO: Player p2 providing hint to p1: cards with value 3 are in positions: [1, 4]
02/03/2022 04:52:21 PM INFO: Showing hand to: p1
02/03/2022 04:53:02 PM INFO: Showing hand to: p1
02/03/2022 04:53:08 PM INFO: Player: p1: card 1 discarded successfully
02/03/2022 04:53:09 PM INFO: Showing hand to: p2
02/03/2022 04:53:09 PM INFO: Player p2 providing hint to p1: cards with value 2 are in positions: [2, 4]
02/03/2022 04:53:19 PM INFO: Showing hand to: p1
02/03/2022 04:53:33 PM INFO: p1: card played and correctly put on the table
02/03/2022 04:53:33 PM INFO: Showing hand to: p2
02/03/2022 04:53:51 PM INFO: Player: p2: card 36 discarded successfully
02/03/2022 04:54:08 PM INFO: Showing hand to: p1
02/03/2022 04:54:38 PM INFO: Player p1 providing hint to p2: cards with color red are in positions: [0, 3]
02/03/2022 04:54:44 PM INFO: Showing hand to: p2
02/03/2022 04:55:02 PM INFO: Player: p2: card 40 discarded successfully
02/03/2022 04:55:19 PM INFO: Showing hand to: p1
02/03/2022 04:55:27 PM INFO: Player p1 providing hint to p2: cards with value 5 are in positions: [0, 2, 3]
02/03/2022 04:56:07 PM INFO: Showing hand to: p2
02/03/2022 04:56:10 PM INFO: Player: p2: card 46 discarded successfully
02/03/2022 04:57:01 PM INFO: Showing hand to: p1
02/03/2022 04:57:12 PM INFO: Player p1 providing hint to p2: cards with color green are in positions: [4]
02/03/2022 04:57:42 PM INFO: Showing hand to: p2
02/03/2022 04:57:50 PM INFO: Player: p2: card 44 discarded successfully
02/03/2022 05:01:56 PM INFO: Showing hand to: p1
02/03/2022 05:02:20 PM INFO: Showing hand to: p1
02/03/2022 05:02:29 PM INFO: Player p1 providing hint to p2: cards with value 2 are in positions: [3, 4]
02/03/2022 05:02:32 PM INFO: Showing hand to: p2
02/03/2022 05:02:34 PM INFO: p2: card played and correctly put on the table
02/03/2022 05:02:51 PM INFO: Showing hand to: p1
02/03/2022 05:03:01 PM INFO: p1: card played and correctly put on the table
02/03/2022 05:03:01 PM INFO: Showing hand to: p2
02/03/2022 05:03:09 PM INFO: Player: p2: card 16 discarded successfully
02/03/2022 05:03:31 PM INFO: Showing hand to: p1
02/03/2022 05:03:40 PM INFO: p1: card played and correctly put on the table
02/03/2022 05:03:40 PM INFO: Showing hand to: p2
02/03/2022 05:03:40 PM INFO: Player p2 providing hint to p1: cards with value 4 are in positions: [4]
02/03/2022 05:04:01 PM INFO: Showing hand to: p1
02/03/2022 05:04:23 PM INFO: Showing hand to: p1
02/03/2022 05:04:42 PM WARNING: All the note tokens have been used. Impossible getting hints
02/03/2022 05:04:48 PM INFO: Player: p1: card 10 discarded successfully
02/03/2022 05:04:48 PM INFO: Showing hand to: p2
02/03/2022 05:04:49 PM INFO: Showing hand to: p1
02/03/2022 05:05:15 PM INFO: Showing hand to: p1
02/03/2022 05:05:27 PM INFO: Showing hand to: p1
02/03/2022 05:05:38 PM INFO: Showing hand to: p1
02/03/2022 05:06:25 PM WARNING: Player disconnected: p1
02/03/2022 05:06:29 PM WARNING: Player disconnected: p2
02/03/2022 05:06:29 PM INFO: Shutting down server
02/03/2022 05:06:48 PM INFO: Hanabi server started on 127.0.0.1:1024
02/03/2022 05:07:02 PM INFO: Connected by: ('127.0.0.1', 54996)
02/03/2022 05:07:02 PM INFO: Player connected: p2
02/03/2022 05:07:04 PM INFO: Connected by: ('127.0.0.1', 54997)
02/03/2022 05:07:04 PM INFO: Player connected: p1
02/03/2022 05:07:06 PM INFO: Player ready: p1
02/03/2022 05:07:07 PM INFO: Player ready: p2
02/03/2022 05:07:07 PM INFO: Game start! Between: ['p2', 'p1']
02/03/2022 05:07:07 PM INFO: Ok, let's start the game!
02/03/2022 05:07:07 PM INFO: Showing hand to: p2
02/03/2022 05:07:07 PM INFO: Player p2 providing hint to p1: cards with value 1 are in positions: [0, 2]
02/03/2022 05:07:07 PM INFO: Showing hand to: p1
02/03/2022 05:07:07 PM INFO: p1: card played and correctly put on the table
02/03/2022 05:07:07 PM INFO: Showing hand to: p2
02/03/2022 05:07:07 PM INFO: Player p2 providing hint to p1: cards with value 2 are in positions: [0, 2, 3]
02/03/2022 05:07:07 PM INFO: Showing hand to: p1
02/03/2022 05:07:07 PM INFO: Player p1 providing hint to p2: cards with color green are in positions: [2, 3]
02/03/2022 05:07:07 PM INFO: Showing hand to: p2
02/03/2022 05:07:07 PM INFO: Player p2 providing hint to p1: cards with color yellow are in positions: [2, 3]
02/03/2022 05:07:07 PM INFO: Showing hand to: p1
02/03/2022 05:07:07 PM INFO: Player: p1: card 16 discarded successfully
02/03/2022 05:07:07 PM INFO: Showing hand to: p2
02/03/2022 05:07:07 PM INFO: Player p2 providing hint to p1: cards with color red are in positions: [0, 4]
02/03/2022 05:07:07 PM INFO: Showing hand to: p1
02/03/2022 05:07:07 PM INFO: Player p1 providing hint to p2: cards with value 1 are in positions: [4]
02/03/2022 05:07:07 PM INFO: Showing hand to: p2
02/03/2022 05:07:07 PM INFO: Player p2 providing hint to p1: cards with value 3 are in positions: [3]
02/03/2022 05:07:07 PM INFO: Showing hand to: p1
02/03/2022 05:07:07 PM INFO: Player p1 providing hint to p2: cards with value 3 are in positions: [0, 2]
02/03/2022 05:07:07 PM INFO: Showing hand to: p2
02/03/2022 05:07:07 PM INFO: Player p2 providing hint to p1: cards with value 4 are in positions: [4]
02/03/2022 05:07:07 PM INFO: Showing hand to: p1
02/03/2022 05:07:07 PM INFO: Player: p1: card 14 discarded successfully
02/03/2022 05:07:07 PM INFO: Showing hand to: p2
02/03/2022 05:07:07 PM INFO: Player p2 providing hint to p1: cards with value 4 are in positions: [3, 4]
02/03/2022 05:07:07 PM INFO: Showing hand to: p1
02/03/2022 05:07:07 PM INFO: Player: p1: card 20 discarded successfully
02/03/2022 05:07:07 PM INFO: Showing hand to: p2
02/03/2022 05:07:07 PM INFO: Player p2 providing hint to p1: cards with color yellow are in positions: [0, 4]
02/03/2022 05:07:07 PM INFO: Showing hand to: p1
02/03/2022 05:07:07 PM INFO: Player: p1: card 21 discarded successfully
02/03/2022 05:07:07 PM INFO: Showing hand to: p2
02/03/2022 05:07:07 PM INFO: Player p2 providing hint to p1: cards with value 1 are in positions: [3, 4]
02/03/2022 05:07:07 PM INFO: Showing hand to: p1
02/03/2022 05:07:07 PM INFO: p1: card played and correctly put on the table
02/03/2022 05:07:07 PM INFO: Showing hand to: p2
02/03/2022 05:07:07 PM INFO: Player: p2: card 5 discarded successfully
02/03/2022 05:07:07 PM INFO: Showing hand to: p1
02/03/2022 05:07:07 PM INFO: Player p1 providing hint to p2: cards with value 4 are in positions: [1]
02/03/2022 05:07:07 PM INFO: Showing hand to: p2
02/03/2022 05:07:07 PM INFO: Player: p2: card 26 discarded successfully
02/03/2022 05:07:07 PM INFO: Showing hand to: p1
02/03/2022 05:07:07 PM INFO: Player p1 providing hint to p2: cards with color red are in positions: [3]
02/03/2022 05:07:07 PM INFO: Showing hand to: p2
02/03/2022 05:07:07 PM INFO: Player: p2: card 27 discarded successfully
02/03/2022 05:07:07 PM INFO: Showing hand to: p1
02/03/2022 05:07:07 PM INFO: Player p1 providing hint to p2: cards with value 3 are in positions: [4]
02/03/2022 05:07:07 PM INFO: Showing hand to: p2
02/03/2022 05:07:07 PM INFO: Player: p2: card 28 discarded successfully
02/03/2022 05:07:07 PM INFO: Showing hand to: p1
02/03/2022 05:07:07 PM INFO: Player p1 providing hint to p2: cards with value 4 are in positions: [0, 4]
02/03/2022 05:07:07 PM INFO: Showing hand to: p2
02/03/2022 05:07:07 PM INFO: Player: p2: card 44 discarded successfully
02/03/2022 05:07:07 PM INFO: Showing hand to: p1
02/03/2022 05:07:07 PM INFO: Player p1 providing hint to p2: cards with value 4 are in positions: [3, 4]
02/03/2022 05:07:07 PM INFO: Showing hand to: p2
02/03/2022 05:07:07 PM INFO: Player: p2: card 47 discarded successfully
02/03/2022 05:07:07 PM INFO: Showing hand to: p1
02/03/2022 05:08:16 PM WARNING: Player disconnected: p1
02/03/2022 05:08:18 PM WARNING: Player disconnected: p2
02/03/2022 05:08:18 PM INFO: Shutting down server
02/03/2022 05:08:25 PM INFO: Hanabi server started on 127.0.0.1:1024
02/03/2022 05:08:26 PM INFO: Connected by: ('127.0.0.1', 55003)
02/03/2022 05:08:26 PM INFO: Player connected: p1
02/03/2022 05:08:28 PM INFO: Connected by: ('127.0.0.1', 55004)
02/03/2022 05:08:28 PM INFO: Player connected: p2
02/03/2022 05:08:30 PM INFO: Player ready: p1
02/03/2022 05:08:31 PM INFO: Player ready: p2
02/03/2022 05:08:31 PM INFO: Game start! Between: ['p1', 'p2']
02/03/2022 05:08:31 PM INFO: Ok, let's start the game!
02/03/2022 05:08:31 PM INFO: Showing hand to: p1
02/03/2022 05:08:31 PM INFO: Player p1 providing hint to p2: cards with value 1 are in positions: [2, 4]
02/03/2022 05:08:31 PM INFO: Showing hand to: p2
02/03/2022 05:08:31 PM INFO: p2: card played and correctly put on the table
02/03/2022 05:08:31 PM INFO: Showing hand to: p1
02/03/2022 05:08:31 PM INFO: Player p1 providing hint to p2: cards with color white are in positions: [0, 2]
02/03/2022 05:08:31 PM INFO: Showing hand to: p2
02/03/2022 05:08:31 PM INFO: Player p2 providing hint to p1: cards with color white are in positions: [3, 4]
02/03/2022 05:08:31 PM INFO: Showing hand to: p1
02/03/2022 05:08:31 PM INFO: Player p1 providing hint to p2: cards with value 2 are in positions: [1]
02/03/2022 05:08:31 PM INFO: Showing hand to: p2
02/03/2022 05:08:31 PM INFO: Player p2 providing hint to p1: cards with value 1 are in positions: [3]
02/03/2022 05:08:31 PM INFO: Showing hand to: p1
02/03/2022 05:08:31 PM INFO: p1: card played and correctly put on the table
02/03/2022 05:08:31 PM INFO: Showing hand to: p2
02/03/2022 05:08:31 PM INFO: Player p2 providing hint to p1: cards with value 2 are in positions: [3, 4]
02/03/2022 05:08:31 PM INFO: Showing hand to: p1
02/03/2022 05:08:31 PM INFO: p1: card played and correctly put on the table
02/03/2022 05:08:31 PM INFO: Showing hand to: p2
02/03/2022 05:08:31 PM INFO: Player p2 providing hint to p1: cards with color red are in positions: [0, 3, 4]
02/03/2022 05:08:31 PM INFO: Showing hand to: p1
02/03/2022 05:08:31 PM INFO: Player p1 providing hint to p2: cards with value 3 are in positions: [0]
02/03/2022 05:08:31 PM INFO: Showing hand to: p2
02/03/2022 05:08:31 PM INFO: p2: card played and correctly put on the table
02/03/2022 05:08:31 PM INFO: Showing hand to: p1
02/03/2022 05:08:31 PM INFO: Player: p1: card 25 discarded successfully
02/03/2022 05:08:31 PM INFO: Showing hand to: p2
02/03/2022 05:08:31 PM INFO: Player p2 providing hint to p1: cards with color red are in positions: [2, 3, 4]
02/03/2022 05:08:31 PM INFO: Showing hand to: p1
02/03/2022 05:08:31 PM INFO: Player: p1: card 42 discarded successfully
02/03/2022 05:08:31 PM INFO: Showing hand to: p2
02/03/2022 05:08:31 PM INFO: Player p2 providing hint to p1: cards with value 1 are in positions: [3]
02/03/2022 05:08:31 PM INFO: Showing hand to: p1
02/03/2022 05:08:31 PM INFO: p1: card played and correctly put on the table
02/03/2022 05:08:31 PM INFO: Showing hand to: p2
02/03/2022 05:08:31 PM INFO: Player: p2: card 11 discarded successfully
02/03/2022 05:08:31 PM INFO: Showing hand to: p1
02/03/2022 05:08:31 PM INFO: Showing hand to: p2
02/03/2022 05:08:31 PM INFO: Player p2 providing hint to p1: cards with color white are in positions: [2, 4]
02/03/2022 05:08:31 PM INFO: Showing hand to: p1
02/03/2022 05:08:31 PM INFO: Player: p1: card 48 discarded successfully
02/03/2022 05:08:31 PM INFO: Showing hand to: p2
02/03/2022 05:08:31 PM INFO: Player p2 providing hint to p1: cards with value 1 are in positions: [2, 4]
02/03/2022 05:08:31 PM INFO: Showing hand to: p1
02/03/2022 05:08:31 PM INFO: Player: p1: card 12 discarded successfully
02/03/2022 05:08:31 PM INFO: Showing hand to: p2
02/03/2022 05:08:31 PM INFO: Player p2 providing hint to p1: cards with color red are in positions: [0, 3, 4]
02/03/2022 05:08:31 PM INFO: Showing hand to: p1
02/03/2022 05:08:31 PM INFO: Player: p1: card 20 discarded successfully
02/03/2022 05:08:31 PM INFO: Showing hand to: p2
02/03/2022 05:08:31 PM INFO: Player p2 providing hint to p1: cards with value 3 are in positions: [0, 4]
02/03/2022 05:08:31 PM INFO: Showing hand to: p1
02/03/2022 05:08:31 PM INFO: Player: p1: card 29 discarded successfully
02/03/2022 05:08:31 PM INFO: Showing hand to: p2
02/03/2022 05:08:31 PM INFO: Player p2 providing hint to p1: cards with color red are in positions: [1, 2, 4]
02/03/2022 05:08:31 PM INFO: Showing hand to: p1
02/03/2022 05:08:31 PM INFO: Player: p1: card 49 discarded successfully
02/03/2022 05:08:31 PM INFO: Showing hand to: p2
02/03/2022 05:08:31 PM INFO: Player p2 providing hint to p1: cards with value 2 are in positions: [4]
02/03/2022 05:08:31 PM INFO: Showing hand to: p1
02/03/2022 05:08:31 PM INFO: Showing hand to: p2
02/03/2022 05:08:31 PM INFO: Player: p2: card 17 discarded successfully
02/03/2022 05:08:31 PM INFO: Showing hand to: p1
02/03/2022 05:08:31 PM INFO: Player p1 providing hint to p2: cards with value 1 are in positions: [2, 4]
02/03/2022 05:08:31 PM INFO: Showing hand to: p2
02/03/2022 05:08:31 PM INFO: Player: p2: card 39 discarded successfully
02/03/2022 05:08:31 PM INFO: Showing hand to: p1
02/03/2022 05:08:31 PM INFO: Player p1 providing hint to p2: cards with color green are in positions: [3, 4]
02/03/2022 05:08:31 PM INFO: Showing hand to: p2
02/03/2022 05:08:31 PM INFO: p2: card played and correctly put on the table
02/03/2022 05:08:31 PM INFO: Showing hand to: p1
02/03/2022 05:08:31 PM INFO: Player: p1: card 10 discarded successfully
02/03/2022 05:08:31 PM INFO: Showing hand to: p2
02/03/2022 05:08:31 PM INFO: Player p2 providing hint to p1: cards with color yellow are in positions: [1, 3]
02/03/2022 05:08:31 PM INFO: Showing hand to: p1
02/03/2022 05:08:31 PM INFO: Player: p1: card 45 discarded successfully
02/03/2022 05:08:31 PM INFO: Showing hand to: p2
02/03/2022 05:08:31 PM INFO: Player p2 providing hint to p1: cards with value 1 are in positions: [3]
02/03/2022 05:08:31 PM INFO: Showing hand to: p1
02/03/2022 05:08:31 PM INFO: Player: p1: card 8 discarded successfully
02/03/2022 05:08:31 PM INFO: Showing hand to: p2
02/03/2022 05:08:31 PM INFO: Player p2 providing hint to p1: cards with color yellow are in positions: [0, 2, 4]
02/03/2022 05:08:31 PM INFO: Showing hand to: p1
02/03/2022 05:08:31 PM INFO: Player: p1: card 26 discarded successfully
02/03/2022 05:08:31 PM INFO: Showing hand to: p2
02/03/2022 05:08:31 PM INFO: Player p2 providing hint to p1: cards with value 2 are in positions: [1]
02/03/2022 05:08:31 PM INFO: Showing hand to: p1
02/03/2022 05:08:31 PM INFO: p1: card played and correctly put on the table
02/03/2022 05:08:31 PM INFO: Showing hand to: p2
02/03/2022 05:08:31 PM INFO: Player: p2: card 38 discarded successfully
02/03/2022 05:08:31 PM INFO: Showing hand to: p1
02/03/2022 05:08:31 PM INFO: Player p1 providing hint to p2: cards with value 2 are in positions: [3, 4]
02/03/2022 05:08:31 PM INFO: Showing hand to: p2
02/03/2022 05:08:31 PM INFO: Game over, people.
02/03/2022 05:08:31 PM INFO: Please, close the server now
02/03/2022 05:08:31 PM INFO: Score: 0; message: Booooooooooooring!
02/03/2022 05:08:31 PM INFO: Game over
02/03/2022 05:08:31 PM INFO: Game score: 0
02/03/2022 05:08:31 PM INFO: Starting new game
02/03/2022 05:08:31 PM INFO: Starting new game
02/03/2022 05:08:31 PM INFO: Ok, let's start the game!
02/03/2022 05:08:31 PM WARNING: Player disconnected: p1
02/03/2022 05:08:31 PM WARNING: Player disconnected: p2
02/03/2022 05:08:31 PM INFO: Shutting down server
